commit 2e449b1cefcb2c7c28b6664fc9a362d81add650b
Author: Roberto Weller <cs.utexas.edu>
Date:   Tue Nov 6 20:35:17 2012 -0600

    all files added

commit bb20e9abbcd4fc038a07da11f63331787f2903a9
Author: Roberto Weller <cs.utexas.edu>
Date:   Tue Nov 6 20:21:06 2012 -0600

    done...

commit 8fe519685c901fea955b1113df4a4f364b2daced
Author: Roberto Weller <cs.utexas.edu>
Date:   Tue Nov 6 18:13:44 2012 -0600

    need to fix TestDarwin

commit b13a1a193e945b38c022e069f6e48e9c65f50f70
Author: Roberto Weller <cs.utexas.edu>
Date:   Tue Nov 6 12:16:27 2012 -0600

    need to fix infect

commit 161155ca2b9818fabe275860a1f3b7ad40cef27a
Author: Roberto Weller <cs.utexas.edu>
Date:   Mon Nov 5 22:03:56 2012 -0600

    almost done

commit 180ab646b6b517a705ea42115c988f4896ff40da
Author: Roberto Weller <cs.utexas.edu>
Date:   Mon Nov 5 21:07:00 2012 -0600

    making darwin our female dog

commit fce65104376acabd71b97c7d920775ec77c8d389
Author: Roberto Weller <cs.utexas.edu>
Date:   Mon Nov 5 19:56:29 2012 -0600

    added random action

commit f2be797838ccf97fcaadeef45ff62d58d44c47e3
Author: Roberto Weller <cs.utexas.edu>
Date:   Mon Nov 5 19:45:45 2012 -0600

    added some tests and creature actions

commit 61699598ab824c2de92240a49d736235fc8899e1
Author: Roberto Weller <cs.utexas.edu>
Date:   Mon Nov 5 18:40:24 2012 -0600

    fixed segmentation fault

commit 5987eed97fcf6f3c16a25269d6a65f953121be5b
Author: Roberto Weller <cs.utexas.edu>
Date:   Sun Nov 4 21:24:16 2012 -0600

    some tests in TestDarwin.c++

commit 93c7daca2ffaad7e0bae7dfde7bffa7102c892d9
Author: Roberto Weller <cs.utexas.edu>
Date:   Sun Nov 4 18:58:50 2012 -0600

    solved order problem

commit 7f5662c9be3c408f100a9a12e10c27ca8c85077f
Author: Roberto Weller <cs.utexas.edu>
Date:   Mon Oct 29 21:32:16 2012 -0500

    some work done all over

commit da06223d98ca7d2753275a8b00cde327a66cea47
Author: Roberto Weller <cs.utexas.edu>
Date:   Sat Oct 27 19:39:35 2012 -0500

    skeleton added to darwin.h

commit 0735464075a8b14dff9bc7c6631c1754a52d68d1
Author: Roberto Weller <cs.utexas.edu>
Date:   Sat Oct 27 16:32:37 2012 -0500

    added files

commit d6a12fa4ba01cb35defbfba291007c8653d72b87
Author: Roberto Weller <cs.utexas.edu>
Date:   Sat Oct 27 16:08:44 2012 -0500

    first commit
