*** Darwin 8x8 ***

------------------
World at turn: 0
------------------
f.......
........
........
...hh...
...hh...
........
........
.......f
------------------

------------------
World at turn: 1
------------------
f.......
........
...h....
.....h..
..h.....
....h...
........
.......f
------------------

------------------
World at turn: 2
------------------
f.......
...h....
........
......h.
.h......
........
....h...
.......f
------------------

------------------
World at turn: 3
------------------
f..h....
........
........
.......h
h.......
........
........
....h..f
------------------

------------------
World at turn: 4
------------------
f..h....
........
........
.......h
h.......
........
........
....h..f
------------------

------------------
World at turn: 5
------------------
f..h....
........
........
.......h
h.......
........
........
....h..f
------------------
*** Darwin 7x9 ***

------------------
World at turn: 0
------------------
t........
.........
.........
..h......
.........
....r....
........t
------------------

------------------
World at turn: 1
------------------
t........
.........
.........
...h.....
....r....
.........
........t
------------------

------------------
World at turn: 2
------------------
t........
.........
.........
....r....
....r....
.........
........t
------------------

------------------
World at turn: 3
------------------
t........
.........
.........
....rr...
.........
.........
........t
------------------

------------------
World at turn: 4
------------------
t........
.........
....r....
......r..
.........
.........
........t
------------------

------------------
World at turn: 5
------------------
t........
....r....
.........
.......r.
.........
.........
........t
------------------
*** Darwin 72x72 without Best ***

------------------
World at turn: 0
------------------
.................................t..........................f...........
...................r....................................................
........................................................................
......................................t.................................
........................................................................
........................................................................
........................................................................
........................................................................
..............r.........................................................
........................................................................
........................................................................
....................................t...................................
....................................................f...................
..t.....................................................................
........................................................................
........................................................................
........................................................................
........................................................................
........................................................................
........................................................................
...........r.........................................................r..
...........................................................f............
........................................................................
......................................................................t.
........................................................................
......................................................t.................
........................................................................
........................................................................
.........................................h..............................
........................................................................
......................................................h.................
........................................................................
........................................................................
.....h..................................................................
........................................................................
...............h........................................................
........................................................................
........................................................................
........................................................................
...................................h....................................
........................................................................
........................................................................
........................................................................
.............................................r..........................
.........f..............................................................
........................................................................
.......................................................f................
...................................................t..........h.........
........................................................................
........................................................................
..............r.........................................................
....................................................................t...
...................h...............................................h....
........................................................................
.............................r..........................................
................................r.......................................
..........f.......................................f.....................
.................................f................f.....................
........................................................................
........................................................................
........................................................................
............................................r...........................
.h......................................................................
........................................................t...............
........................................................................
........................................................................
.................................................t......................
........................................................................
........................................................................
.........................................f..............................
....r.........................................................h.........
........................................................................
------------------

------------------
World at turn: 100
------------------
........................r.......r.r................................r....
........................................................................
........................................................................
......................................t.................................
......................................................................r.
.......................................................................r
........................................................................
........................................................................
........................................................................
........................................................................
.......................................................................r
....................................t...................................
....................................................f...................
..t.....................................................................
........................................................................
........................................................................
........................................................................
........................................................................
........................................................................
........................................................................
...........................................................r............
........................................................................
...........................................................r...........t
......................................................................tt
........................................................................
......................................................t.................
........................................................................
....................r...................r...............................
........................................................................
..........................................r.............................
........................................................................
........................................................................
........................................................................
........................................................................
........................................................................
........................................................................
........................................................................
........................................................................
........................................................................
........................................................................
........................................................................
........................................................................
......r.................................................................
........................................................................
.........f..............................................................
........................................................................
.......................................................f...r............
...................................................t...............r....
........................................................................
r.......................................................................
........................................................................
.................................................................r......
........................................................................
........................................................................
........................................................................
....................................................................r...
..........f.......................................f.....................
.................................f................f.....................
........................................................................
........................................................................
.......................................................................r
........................................................................
..............r.........................................................
.............r..........................................t...............
........................................................................
........................................................................
.................................................t......................
........................................................................
........................................................................
.........................................f..............................
........................................................................
.................................r......................................
------------------

------------------
World at turn: 200
------------------
.....r.....................r...r..................r...........r.........
........................................................................
........................................................................
r.....................................t.................................
........................................................................
r.......................................................................
........................................................r...............
........................................................................
........................................................................
r.......................................................................
........................................................................
....................................t...................................
....................................................f...................
..t.....................................................................
........................................................................
........................................................................
r.......................................................................
........................................................................
........................................................................
........................................................................
........................................................................
........................................................................
......................................................................rr
........................................................................
........................................................................
......................................................t.................
........................................................................
........................................................................
........................................................................
........................................................................
........................................................................
........................................................................
.......................................................................r
........................................................................
........................................................................
........................................................................
........................................................................
........................................................................
........................................................................
........................................................................
........................................................................
........................................................................
........................................................................
........................................................................
.........f..............................................................
........................................................................
........................................................................
...................................................t....................
........................................................................
........................................................................
........................................................................
........................................................................
.......................................................................r
........................................................................
........................................................................
r.......................r...............................................
..........f.............................................................
.................................f......................................
........................................................................
..................................................r.....................
........................................................................
.......................................................................r
........................................................................
.......................................................tt...............
.........r..............................................................
..................................r.....................................
........................................................................
........................................................................
........................................................................
.........................................f..............................
..........r...........................r..r..............................
...r.....r...........................r..r..r............................
------------------

------------------
World at turn: 300
------------------
r..................r....r...................r...........................
...................r....................................................
........................................................................
......................................t.................................
........................................................................
........................................................................
.............r..........................................................
........................................................................
........................................................................
r.......................................................................
........................................................................
.r..................................t..................................r
r...................................................f...................
..r.....................................................................
..r.....................................................................
........................................................................
........................................................................
r.......................................................................
........................................................................
......................................................................r.
.......................................................................r
........................................................................
........................................................................
........................................................................
........................................................................
......................................................t.................
........................................................................
........................................................................
........................................................................
........................................................................
........................................................................
........................................................................
........................................................................
......................................................................rr
........................................................................
........................................................................
........................................................................
........................................................................
........................................................................
........................................................................
.................................................r......................
........................................................................
........................................................................
........................................................................
........................................................................
.....................................................................r..
........................................................................
...................................................t....................
........................................................................
........................................................................
........................................................................
........................................................................
........................................................................
........................................................................
r.......................................................................
.......................................................................r
..........f.............................................................
.................................f......................................
........................................................................
.......................................................................r
........................................................................
.......................................................................r
.......................................................t................
r......................................................t................
........................................................................
........................................................................
........................................................................
........................................................................
........................................................................
.........................................f..............................
......................r.................................................
...........r........rr..............................r............r......
------------------

------------------
World at turn: 400
------------------
.....r..........r...................r........r..........................
........................................................................
........................................................................
......................................t.................................
........................................................................
........................................................................
........................................................................
........................................................................
........................................................................
........................................................................
........................................................................
....................................t..................................r
....................................................f...................
......................................................................r.
.......................................................................r
........................................................................
......................................................................r.
........................................................................
........................................................................
.......................................................................r
........................................................................
........................................................................
........................................................................
........................................................................
........................................................................
......................................................t.................
r.......................................................................
.......................................................................r
........................................................................
........................................................................
........................................................................
........................................................................
........................................................................
........................................................................
........................................................................
........................................................................
..............................................................r.........
r.......................................................................
........................................................................
.............................................r.r........................
...............................................r........................
........................................................................
........................................................................
........................................................................
........................................................................
........................................................................
........................................................................
...................................................t....................
.......................................................................r
........................................................................
........................................................................
r.......................................................................
.......................................................................r
.r......................................................................
r.......................................................................
........................................................................
..........f.............................................................
...r.............................f......................................
........................................................................
........................................................................
........................................................................
r.......................................................................
.......................................................t................
.......................................................t................
........................................................................
........................................................................
........................................................................
............................r...........................................
........................................................................
.........................................f..............................
........................................................................
.r.......rr............r.........r.....................................r
------------------

------------------
World at turn: 500
------------------
..r................r......r...........r......r..r.............r.........
................................................r......................r
........................................................................
......................................t.................................
........................................................................
r.......................................................................
........................................................................
..........r.............................................................
........................................................................
........................................................................
........................................................................
....................................t...................................
....................................................f...................
........................................................................
........................................................................
........................................................................
........................................................................
........................................................................
........................................................................
........................................................................
........................................................................
........................................................................
........................................................................
........................................................................
........................................................................
......................................................t.................
........................................................................
........................................................................
.....................................................................r..
........................................................................
........................................................................
........................................................................
........................................................................
.......................................................................r
r.......................................................................
........................................................................
........................................................................
r.......................................................................
........................................................................
........................................................................
........................................................................
........................................................................
..r.....................................................................
r.......................................................................
.......................................................................r
........................................................................
........................................................................
...................................................t....................
........................................................................
........................................................................
........................................................................
........................................................................
........................................................................
........................................................................
........................................................................
.........................................r..............................
..........f.............................................................
.................................f......................................
........................................................................
........................................................................
........................................................................
........................................................................
.......................................................t................
r......................................................t................
.......................................................................r
........................................................................
........................................................................
r.......................................................................
.......................................................................r
............................r.r.........................................
r.......................................................................
................r........r..r...r.....................................r.
------------------

------------------
World at turn: 600
------------------
rr.........r.................r..r...r...................r.....r..r......
........................................................................
r.......................................................................
......................................t.................................
r.......................................................................
........................................................................
........................................................................
........................................................................
........................................................................
........................................................................
........................................................................
....................................t...................................
....................................................f...................
.......................................................................r
........................................................................
........................................................................
........................................................................
........................................................................
........................................................................
........................................................................
........................................................................
........................................................................
.......................................................................r
........................................................................
........................................................................
......................................................t.................
........................................................................
........................................................................
........................................................................
........................................................................
.......................................................................r
........................................................................
........................................................................
........................................................................
........................................................................
........................................................................
........................................................................
........................................................................
........................................................................
........................................................................
........................................................................
........................................................................
r.......................................................................
........................................................................
........................................................................
........................................................................
......................................................................r.
r..................................................t...................r
........................................................................
........................................................................
........................................................................
r.......................................................................
........................................................................
........................................................................
.......................................................................r
........................................................................
..........f.............................................................
.................................f......................................
........................................................................
........................................................................
........................................................................
........................................................................
.......................................................t................
.......................................................t................
........................................................................
........................................................................
........................................................................
......................................................................r.
......................................................................rr
........................................................................
.....................................................................r..
r.........r...............................r..........r............r..r.r
------------------

------------------
World at turn: 700
------------------
.................r..........r...................r...r....r..............
........................................................................
........................................................................
......................................t.................................
........................................................................
........................................................................
........................................................................
........................................................................
........................................................................
........................................................................
........................................................................
....................................tt..................................
....................................................f...................
........................................................................
r.......................................................................
........................................................................
........................................................................
........................................................................
........................................................................
........................................................................
........................................................................
........................................................................
........................................................................
.......................................................................r
........................................................................
r.....................................................t.................
.......................................................................r
........................................................................
........................................................................
.......................................................................r
........................................................................
........................................................................
........................................................................
........................................................................
........................................................................
........................................................................
........................................................................
........................................................................
........................................................................
r......................................................................r
........................................................................
r.......................................................................
........................................................................
r.......................................................................
........................................................................
........................................................................
rr......................................................................
...................................................t....................
........................................................................
........................................................................
r.......................................................................
........................................................................
........................................................................
........................................................................
........................................................................
........................................................................
..........f.............................................................
.................................f.....................................r
........................................................................
........................................................................
.......................................................................r
r.......................................................................
.......................................................t................
.......................................................tt...............
.......................................................................r
........................................................................
........................................................................
........................................................................
r............................r..........................................
........................................................................
........................................................................
..............r......r........r...................r..r.....r............
------------------

------------------
World at turn: 800
------------------
......r......r.................r......r........r......r.r.r.r...........
........................................................................
r..................................................r...................r
......................................t.................................
........................................................................
........................................................................
........................................................................
........................................................................
........................................................................
........................................................................
........................................................................
....................................tt..................................
....................................................f...................
.......................................................................r
........................................................................
........................................................................
........................................................................
........................................................................
........................................................................
........................................................................
........................................................................
........................................................................
r.......................................................................
........................................................................
........................................................................
r.....................................................t.................
........................................................................
........................................................................
........................................................................
........................................................................
........................................................................
r.......................................................................
........................................................................
........................................................................
........................................................................
........................................................................
........................................................................
........................................................................
........................................................................
........................................................................
........................................................................
........................................................................
........................................................................
........................................................................
........................................................................
.......................................................................r
........................................................................
...................................................t....................
........................................................................
........................................................................
........................................................................
r.......................................................................
........................................................................
........................................................................
........................................................................
r.......................................................................
..........f............................................................r
.................................f......................................
r.......................................................................
........................................................................
........................................................................
........................................................................
.......................................................t................
.......................................................tt...............
........................................................................
........................................................................
........................................................................
........................................................................
........................................................................
........................................................................
...............r........................................................
....r.........r..r..r.....................................r....r...r....
------------------

------------------
World at turn: 900
------------------
.......r.r...r.........r.................r..r...r...................r...
.............r..........................................................
.......................................................................r
......................................t.................................
........................................................................
.......................................................................r
........................................................................
........................................................................
........................................................................
........................................................................
........................................................................
....................................tt..................................
....................................................f...................
........................................................................
........................................................................
........................................................................
........................................................................
........................................................................
........................................................................
........................................................................
........................................................................
........................................................................
........................................................................
........................................................................
........................................................................
......................................................t................r
........................................................................
........................................................................
........................................................................
........................................................................
r.......................................................................
........................................................................
........................................................................
........................................................................
.......................................................................r
r.......................................................................
........................................................................
........................................................................
........................................................................
r.......................................................................
........................................................................
.......................................................................r
........................................................................
........................................................................
........................................................................
........................................................................
........................................................................
...................................................t....................
........................................................................
........................................................................
........................................................................
........................................................................
........................................................................
........................................................................
........................................................................
........................................................................
..........f.............................................................
.................................f......................................
........................................................................
r......................................................................r
........................................................................
........................................................................
.......................................................t................
.......................................................tt...............
........................................................................
..............................................................r.........
.......................................................................r
........................................................................
........................................................................
........................................................................
r......................................................................r
..............................r..........r............rr.............rr.
------------------

------------------
World at turn: 1000
------------------
.............................r..........r...................r...r....r..
........................................................................
r.......................................................................
......................................t.................................
.....................................r..................................
........................................................................
........................................................................
........................................................................
........................................................................
........................................................................
........................................................................
....................................tt..................................
....................................................f...................
r.......................................................................
........................................................................
........................................................................
........................................................................
........................................................................
........................................................................
........................................................................
........................................................................
........................................................................
........................................................................
........................................................................
........................................................................
......................................................t.................
r.......................................................................
........................................................................
r.......................................................................
........................................................................
........................................................................
........................................................................
........................................................................
........................................................................
........................................................................
........................................................................
........................................................................
.....................................................................rrr
........................................................................
........................................................................
........................................................................
r.......................................................................
.......................................................................r
r.......................................................................
........................................................................
........................................................................
........................................................................
...................................................t....................
........................................................................
r.......................................................................
........................................................................
.......................................................................r
........................................................................
........................................................................
........................................................................
........................................................................
r.........f.............................................................
.................................f......................................
........................................................................
........................................................................
........................................................................
........................................................................
.......................................................t................
.......................................................tt...............
........................................................................
........................................................................
........................................r...............................
........................................................................
........................................................................
.......................................................................r
........................................................................
..r......r........r...................r..r.....r...................r...r
------------------
*** Darwin 72x72 with Best ***
